{
  "RSpec": {
    "coverage": {
      "/Users/brennastuart/Documents/turing/2-and-3-mods/2-mod/ICs/icy-rain-3228/config/environment.rb": {
        "lines": [
          null,
          1,
          null,
          null,
          1
        ]
      },
      "/Users/brennastuart/Documents/turing/2-and-3-mods/2-mod/ICs/icy-rain-3228/config/application.rb": {
        "lines": [
          1,
          null,
          1,
          null,
          1,
          1,
          1,
          1,
          1,
          1,
          1,
          1,
          1,
          null,
          null,
          null,
          null,
          1,
          null,
          1,
          1,
          null,
          1,
          null,
          null,
          null,
          null,
          null,
          null,
          null,
          1,
          null,
          null
        ]
      },
      "/Users/brennastuart/Documents/turing/2-and-3-mods/2-mod/ICs/icy-rain-3228/config/boot.rb": {
        "lines": [
          1,
          null,
          1,
          1
        ]
      },
      "/Users/brennastuart/Documents/turing/2-and-3-mods/2-mod/ICs/icy-rain-3228/config/environments/test.rb": {
        "lines": [
          1,
          null,
          null,
          null,
          null,
          null,
          null,
          1,
          null,
          null,
          null,
          null,
          1,
          null,
          null,
          1,
          1,
          null,
          null,
          null,
          null,
          1,
          1,
          null,
          null,
          1,
          null,
          null,
          1,
          null,
          null,
          1,
          null,
          1,
          null,
          null,
          null,
          null,
          1,
          null,
          null,
          1,
          null,
          null,
          null,
          null
        ]
      },
      "/Users/brennastuart/Documents/turing/2-and-3-mods/2-mod/ICs/icy-rain-3228/config/initializers/application_controller_renderer.rb": {
        "lines": [
          null,
          null,
          null,
          null,
          null,
          null,
          null,
          null
        ]
      },
      "/Users/brennastuart/Documents/turing/2-and-3-mods/2-mod/ICs/icy-rain-3228/config/initializers/assets.rb": {
        "lines": [
          null,
          null,
          null,
          1,
          null,
          null,
          null,
          null,
          1,
          null,
          null,
          null,
          null,
          null
        ]
      },
      "/Users/brennastuart/Documents/turing/2-and-3-mods/2-mod/ICs/icy-rain-3228/config/initializers/backtrace_silencers.rb": {
        "lines": [
          null,
          null,
          null,
          null,
          null,
          null,
          null
        ]
      },
      "/Users/brennastuart/Documents/turing/2-and-3-mods/2-mod/ICs/icy-rain-3228/config/initializers/content_security_policy.rb": {
        "lines": [
          null,
          null,
          null,
          null,
          null,
          null,
          null,
          null,
          null,
          null,
          null,
          null,
          null,
          null,
          null,
          null,
          null,
          null,
          null,
          null,
          null,
          null,
          null,
          null,
          null
        ]
      },
      "/Users/brennastuart/Documents/turing/2-and-3-mods/2-mod/ICs/icy-rain-3228/config/initializers/cookies_serializer.rb": {
        "lines": [
          null,
          null,
          null,
          null,
          1
        ]
      },
      "/Users/brennastuart/Documents/turing/2-and-3-mods/2-mod/ICs/icy-rain-3228/config/initializers/filter_parameter_logging.rb": {
        "lines": [
          null,
          null,
          null,
          1
        ]
      },
      "/Users/brennastuart/Documents/turing/2-and-3-mods/2-mod/ICs/icy-rain-3228/config/initializers/inflections.rb": {
        "lines": [
          null,
          null,
          null,
          null,
          null,
          null,
          null,
          null,
          null,
          null,
          null,
          null,
          null,
          null,
          null,
          null
        ]
      },
      "/Users/brennastuart/Documents/turing/2-and-3-mods/2-mod/ICs/icy-rain-3228/config/initializers/mime_types.rb": {
        "lines": [
          null,
          null,
          null,
          null
        ]
      },
      "/Users/brennastuart/Documents/turing/2-and-3-mods/2-mod/ICs/icy-rain-3228/config/initializers/wrap_parameters.rb": {
        "lines": [
          null,
          null,
          null,
          null,
          null,
          null,
          1,
          2,
          null,
          null,
          null,
          null,
          null,
          null
        ]
      },
      "/Users/brennastuart/Documents/turing/2-and-3-mods/2-mod/ICs/icy-rain-3228/config/routes.rb": {
        "lines": [
          1,
          1,
          1,
          1,
          null
        ]
      },
      "/Users/brennastuart/Documents/turing/2-and-3-mods/2-mod/ICs/icy-rain-3228/app/helpers/application_helper.rb": {
        "lines": [
          1,
          null
        ]
      },
      "/Users/brennastuart/Documents/turing/2-and-3-mods/2-mod/ICs/icy-rain-3228/app/models/airline.rb": {
        "lines": [
          1,
          1,
          1,
          1,
          null,
          1,
          0,
          null,
          null,
          1,
          0,
          null,
          null
        ]
      },
      "/Users/brennastuart/Documents/turing/2-and-3-mods/2-mod/ICs/icy-rain-3228/app/models/application_record.rb": {
        "lines": [
          1,
          1,
          null
        ]
      },
      "/Users/brennastuart/Documents/turing/2-and-3-mods/2-mod/ICs/icy-rain-3228/app/models/flight.rb": {
        "lines": [
          1,
          1,
          1,
          1,
          null
        ]
      },
      "/Users/brennastuart/Documents/turing/2-and-3-mods/2-mod/ICs/icy-rain-3228/app/models/passenger.rb": {
        "lines": [
          1,
          1,
          1,
          1,
          null,
          1,
          null
        ]
      },
      "/Users/brennastuart/Documents/turing/2-and-3-mods/2-mod/ICs/icy-rain-3228/app/models/flights_passenger.rb": {
        "lines": [
          1,
          1,
          1,
          null,
          1,
          2,
          null,
          null
        ]
      },
      "/Users/brennastuart/Documents/turing/2-and-3-mods/2-mod/ICs/icy-rain-3228/app/controllers/flights_controller.rb": {
        "lines": [
          1,
          1,
          8,
          null,
          null
        ]
      },
      "/Users/brennastuart/Documents/turing/2-and-3-mods/2-mod/ICs/icy-rain-3228/app/controllers/application_controller.rb": {
        "lines": [
          1,
          null
        ]
      },
      "/Users/brennastuart/Documents/turing/2-and-3-mods/2-mod/ICs/icy-rain-3228/app/controllers/flights_passengers_controller.rb": {
        "lines": [
          1,
          1,
          2,
          2,
          2,
          null,
          null
        ]
      }
    },
    "timestamp": 1660065149
  }
}
